  OpticalSource.cpp
e:\optical\c++ rewrite\opticalsource\opticalsource\opticalsource.cpp(20): error C2871: 'cv': a namespace with this name does not exist
e:\optical\c++ rewrite\opticalsource\opticalsource\opticalsource.cpp(24): error C4430: missing type specifier - int assumed. Note: C++ does not support default-int
e:\optical\c++ rewrite\opticalsource\opticalsource\opticalsource.cpp(24): error C2146: syntax error: missing ';' before identifier 'frame'
e:\optical\c++ rewrite\opticalsource\opticalsource\opticalsource.cpp(25): error C4430: missing type specifier - int assumed. Note: C++ does not support default-int
e:\optical\c++ rewrite\opticalsource\opticalsource\opticalsource.cpp(25): error C2086: 'int Mat': redefinition
  e:\optical\c++ rewrite\opticalsource\opticalsource\opticalsource.cpp(24): note: see declaration of 'Mat'
e:\optical\c++ rewrite\opticalsource\opticalsource\opticalsource.cpp(25): error C2146: syntax error: missing ';' before identifier 'fgMaskMOG2'
e:\optical\c++ rewrite\opticalsource\opticalsource\opticalsource.cpp(26): error C2143: syntax error: missing ';' before '<'
e:\optical\c++ rewrite\opticalsource\opticalsource\opticalsource.cpp(26): error C4430: missing type specifier - int assumed. Note: C++ does not support default-int
e:\optical\c++ rewrite\opticalsource\opticalsource\opticalsource.cpp(36): error C2065: 'cout': undeclared identifier
e:\optical\c++ rewrite\opticalsource\opticalsource\opticalsource.cpp(37): error C2065: 'endl': undeclared identifier
e:\optical\c++ rewrite\opticalsource\opticalsource\opticalsource.cpp(38): error C2065: 'endl': undeclared identifier
e:\optical\c++ rewrite\opticalsource\opticalsource\opticalsource.cpp(39): error C2065: 'endl': undeclared identifier
e:\optical\c++ rewrite\opticalsource\opticalsource\opticalsource.cpp(40): error C2065: 'endl': undeclared identifier
e:\optical\c++ rewrite\opticalsource\opticalsource\opticalsource.cpp(41): error C2065: 'endl': undeclared identifier
e:\optical\c++ rewrite\opticalsource\opticalsource\opticalsource.cpp(42): error C2065: 'endl': undeclared identifier
e:\optical\c++ rewrite\opticalsource\opticalsource\opticalsource.cpp(43): error C2065: 'endl': undeclared identifier
e:\optical\c++ rewrite\opticalsource\opticalsource\opticalsource.cpp(44): error C2065: 'endl': undeclared identifier
e:\optical\c++ rewrite\opticalsource\opticalsource\opticalsource.cpp(45): error C2065: 'endl': undeclared identifier
e:\optical\c++ rewrite\opticalsource\opticalsource\opticalsource.cpp(46): error C2065: 'endl': undeclared identifier
e:\optical\c++ rewrite\opticalsource\opticalsource\opticalsource.cpp(59): error C2065: 'cerr': undeclared identifier
e:\optical\c++ rewrite\opticalsource\opticalsource\opticalsource.cpp(59): error C2065: 'endl': undeclared identifier
e:\optical\c++ rewrite\opticalsource\opticalsource\opticalsource.cpp(60): error C2065: 'cerr': undeclared identifier
e:\optical\c++ rewrite\opticalsource\opticalsource\opticalsource.cpp(60): error C2065: 'endl': undeclared identifier
e:\optical\c++ rewrite\opticalsource\opticalsource\opticalsource.cpp(61): error C2065: 'EXIT_FAILURE': undeclared identifier
e:\optical\c++ rewrite\opticalsource\opticalsource\opticalsource.cpp(65): error C3861: 'namedWindow': identifier not found
e:\optical\c++ rewrite\opticalsource\opticalsource\opticalsource.cpp(66): error C3861: 'namedWindow': identifier not found
e:\optical\c++ rewrite\opticalsource\opticalsource\opticalsource.cpp(69): error C2065: 'pMOG2': undeclared identifier
e:\optical\c++ rewrite\opticalsource\opticalsource\opticalsource.cpp(69): error C3861: 'createBackgroundSubtractorMOG2': identifier not found
e:\optical\c++ rewrite\opticalsource\opticalsource\opticalsource.cpp(71): error C3861: 'strcmp': identifier not found
e:\optical\c++ rewrite\opticalsource\opticalsource\opticalsource.cpp(75): error C3861: 'strcmp': identifier not found
e:\optical\c++ rewrite\opticalsource\opticalsource\opticalsource.cpp(81): error C2065: 'cerr': undeclared identifier
e:\optical\c++ rewrite\opticalsource\opticalsource\opticalsource.cpp(81): error C2065: 'endl': undeclared identifier
e:\optical\c++ rewrite\opticalsource\opticalsource\opticalsource.cpp(82): error C2065: 'cerr': undeclared identifier
e:\optical\c++ rewrite\opticalsource\opticalsource\opticalsource.cpp(82): error C2065: 'endl': undeclared identifier
e:\optical\c++ rewrite\opticalsource\opticalsource\opticalsource.cpp(83): error C2065: 'EXIT_FAILURE': undeclared identifier
e:\optical\c++ rewrite\opticalsource\opticalsource\opticalsource.cpp(86): error C3861: 'destroyAllWindows': identifier not found
e:\optical\c++ rewrite\opticalsource\opticalsource\opticalsource.cpp(87): error C2065: 'EXIT_SUCCESS': undeclared identifier
e:\optical\c++ rewrite\opticalsource\opticalsource\opticalsource.cpp(95): error C2065: 'VideoCapture': undeclared identifier
e:\optical\c++ rewrite\opticalsource\opticalsource\opticalsource.cpp(95): error C2146: syntax error: missing ';' before identifier 'capture'
e:\optical\c++ rewrite\opticalsource\opticalsource\opticalsource.cpp(95): error C3861: 'capture': identifier not found
e:\optical\c++ rewrite\opticalsource\opticalsource\opticalsource.cpp(96): error C2065: 'capture': undeclared identifier
e:\optical\c++ rewrite\opticalsource\opticalsource\opticalsource.cpp(96): error C2228: left of '.isOpened' must have class/struct/union
  e:\optical\c++ rewrite\opticalsource\opticalsource\opticalsource.cpp(96): note: type is 'unknown-type'
e:\optical\c++ rewrite\opticalsource\opticalsource\opticalsource.cpp(98): error C2065: 'cerr': undeclared identifier
e:\optical\c++ rewrite\opticalsource\opticalsource\opticalsource.cpp(98): error C2065: 'endl': undeclared identifier
e:\optical\c++ rewrite\opticalsource\opticalsource\opticalsource.cpp(99): error C2065: 'EXIT_FAILURE': undeclared identifier
e:\optical\c++ rewrite\opticalsource\opticalsource\opticalsource.cpp(99): error C3861: 'exit': identifier not found
e:\optical\c++ rewrite\opticalsource\opticalsource\opticalsource.cpp(104): error C2065: 'capture': undeclared identifier
e:\optical\c++ rewrite\opticalsource\opticalsource\opticalsource.cpp(104): error C2228: left of '.read' must have class/struct/union
  e:\optical\c++ rewrite\opticalsource\opticalsource\opticalsource.cpp(104): note: type is 'unknown-type'
e:\optical\c++ rewrite\opticalsource\opticalsource\opticalsource.cpp(104): error C2065: 'frame': undeclared identifier
e:\optical\c++ rewrite\opticalsource\opticalsource\opticalsource.cpp(105): error C2065: 'cerr': undeclared identifier
e:\optical\c++ rewrite\opticalsource\opticalsource\opticalsource.cpp(105): error C2065: 'endl': undeclared identifier
e:\optical\c++ rewrite\opticalsource\opticalsource\opticalsource.cpp(106): error C2065: 'cerr': undeclared identifier
e:\optical\c++ rewrite\opticalsource\opticalsource\opticalsource.cpp(106): error C2065: 'endl': undeclared identifier
e:\optical\c++ rewrite\opticalsource\opticalsource\opticalsource.cpp(107): error C2065: 'EXIT_FAILURE': undeclared identifier
e:\optical\c++ rewrite\opticalsource\opticalsource\opticalsource.cpp(107): error C3861: 'exit': identifier not found
e:\optical\c++ rewrite\opticalsource\opticalsource\opticalsource.cpp(110): error C2065: 'pMOG2': undeclared identifier
e:\optical\c++ rewrite\opticalsource\opticalsource\opticalsource.cpp(110): error C2227: left of '->apply' must point to class/struct/union/generic type
  e:\optical\c++ rewrite\opticalsource\opticalsource\opticalsource.cpp(110): note: type is 'unknown-type'
e:\optical\c++ rewrite\opticalsource\opticalsource\opticalsource.cpp(110): error C2065: 'frame': undeclared identifier
e:\optical\c++ rewrite\opticalsource\opticalsource\opticalsource.cpp(110): error C2065: 'fgMaskMOG2': undeclared identifier
e:\optical\c++ rewrite\opticalsource\opticalsource\opticalsource.cpp(112): error C2065: 'stringstream': undeclared identifier
e:\optical\c++ rewrite\opticalsource\opticalsource\opticalsource.cpp(112): error C2146: syntax error: missing ';' before identifier 'ss'
e:\optical\c++ rewrite\opticalsource\opticalsource\opticalsource.cpp(112): error C2065: 'ss': undeclared identifier
e:\optical\c++ rewrite\opticalsource\opticalsource\opticalsource.cpp(113): error C2065: 'frame': undeclared identifier
e:\optical\c++ rewrite\opticalsource\opticalsource\opticalsource.cpp(113): error C2653: 'cv': is not a class or namespace name
e:\optical\c++ rewrite\opticalsource\opticalsource\opticalsource.cpp(113): error C3861: 'Point': identifier not found
e:\optical\c++ rewrite\opticalsource\opticalsource\opticalsource.cpp(114): error C2653: 'cv': is not a class or namespace name
e:\optical\c++ rewrite\opticalsource\opticalsource\opticalsource.cpp(114): error C3861: 'Scalar': identifier not found
e:\optical\c++ rewrite\opticalsource\opticalsource\opticalsource.cpp(113): error C3861: 'rectangle': identifier not found
e:\optical\c++ rewrite\opticalsource\opticalsource\opticalsource.cpp(115): error C2065: 'ss': undeclared identifier
e:\optical\c++ rewrite\opticalsource\opticalsource\opticalsource.cpp(115): error C2065: 'capture': undeclared identifier
e:\optical\c++ rewrite\opticalsource\opticalsource\opticalsource.cpp(115): error C2228: left of '.get' must have class/struct/union
  e:\optical\c++ rewrite\opticalsource\opticalsource\opticalsource.cpp(115): note: type is 'unknown-type'
e:\optical\c++ rewrite\opticalsource\opticalsource\opticalsource.cpp(115): error C2065: 'CAP_PROP_POS_FRAMES': undeclared identifier
e:\optical\c++ rewrite\opticalsource\opticalsource\opticalsource.cpp(116): error C2065: 'string': undeclared identifier
e:\optical\c++ rewrite\opticalsource\opticalsource\opticalsource.cpp(116): error C2146: syntax error: missing ';' before identifier 'frameNumberString'
e:\optical\c++ rewrite\opticalsource\opticalsource\opticalsource.cpp(116): error C2065: 'frameNumberString': undeclared identifier
e:\optical\c++ rewrite\opticalsource\opticalsource\opticalsource.cpp(116): error C2065: 'ss': undeclared identifier
e:\optical\c++ rewrite\opticalsource\opticalsource\opticalsource.cpp(116): error C2228: left of '.str' must have class/struct/union
  e:\optical\c++ rewrite\opticalsource\opticalsource\opticalsource.cpp(116): note: type is 'unknown-type'
e:\optical\c++ rewrite\opticalsource\opticalsource\opticalsource.cpp(117): error C2065: 'frame': undeclared identifier
e:\optical\c++ rewrite\opticalsource\opticalsource\opticalsource.cpp(117): error C2065: 'frameNumberString': undeclared identifier
e:\optical\c++ rewrite\opticalsource\opticalsource\opticalsource.cpp(117): error C2228: left of '.c_str' must have class/struct/union
  e:\optical\c++ rewrite\opticalsource\opticalsource\opticalsource.cpp(117): note: type is 'unknown-type'
e:\optical\c++ rewrite\opticalsource\opticalsource\opticalsource.cpp(117): error C2653: 'cv': is not a class or namespace name
e:\optical\c++ rewrite\opticalsource\opticalsource\opticalsource.cpp(117): error C3861: 'Point': identifier not found
e:\optical\c++ rewrite\opticalsource\opticalsource\opticalsource.cpp(118): error C2065: 'FONT_HERSHEY_SIMPLEX': undeclared identifier
e:\optical\c++ rewrite\opticalsource\opticalsource\opticalsource.cpp(118): error C2653: 'cv': is not a class or namespace name
e:\optical\c++ rewrite\opticalsource\opticalsource\opticalsource.cpp(118): error C3861: 'Scalar': identifier not found
e:\optical\c++ rewrite\opticalsource\opticalsource\opticalsource.cpp(117): error C3861: 'putText': identifier not found
e:\optical\c++ rewrite\opticalsource\opticalsource\opticalsource.cpp(120): error C2065: 'frame': undeclared identifier
e:\optical\c++ rewrite\opticalsource\opticalsource\opticalsource.cpp(120): error C3861: 'imshow': identifier not found
e:\optical\c++ rewrite\opticalsource\opticalsource\opticalsource.cpp(121): error C2065: 'fgMaskMOG2': undeclared identifier
e:\optical\c++ rewrite\opticalsource\opticalsource\opticalsource.cpp(121): error C3861: 'imshow': identifier not found
e:\optical\c++ rewrite\opticalsource\opticalsource\opticalsource.cpp(123): error C3861: 'waitKey': identifier not found
e:\optical\c++ rewrite\opticalsource\opticalsource\opticalsource.cpp(126): error C2065: 'capture': undeclared identifier
e:\optical\c++ rewrite\opticalsource\opticalsource\opticalsource.cpp(126): error C2228: left of '.release' must have class/struct/union
  e:\optical\c++ rewrite\opticalsource\opticalsource\opticalsource.cpp(126): note: type is 'unknown-type'
e:\optical\c++ rewrite\opticalsource\opticalsource\opticalsource.cpp(134): error C2065: 'frame': undeclared identifier
e:\optical\c++ rewrite\opticalsource\opticalsource\opticalsource.cpp(134): error C3861: 'imread': identifier not found
e:\optical\c++ rewrite\opticalsource\opticalsource\opticalsource.cpp(135): error C2065: 'frame': undeclared identifier
e:\optical\c++ rewrite\opticalsource\opticalsource\opticalsource.cpp(135): error C2228: left of '.empty' must have class/struct/union
  e:\optical\c++ rewrite\opticalsource\opticalsource\opticalsource.cpp(135): note: type is 'unknown-type'
e:\optical\c++ rewrite\opticalsource\opticalsource\opticalsource.cpp(137): error C2065: 'cerr': undeclared identifier
e:\optical\c++ rewrite\opticalsource\opticalsource\opticalsource.cpp(137): error C2065: 'endl': undeclared identifier
e:\optical\c++ rewrite\opticalsource\opticalsource\opticalsource.cpp(138): error C2065: 'EXIT_FAILURE': undeclared identifier
e:\optical\c++ rewrite\opticalsource\opticalsource\opticalsource.cpp(138): error C3861: 'exit': identifier not found
e:\optical\c++ rewrite\opticalsource\opticalsource\opticalsource.cpp(141): error C2065: 'string': undeclared identifier
e:\optical\c++ rewrite\opticalsource\opticalsource\opticalsource.cpp(141): error C2146: syntax error: missing ';' before identifier 'fn'
e:\optical\c++ rewrite\opticalsource\opticalsource\opticalsource.cpp(141): error C3861: 'fn': identifier not found
e:\optical\c++ rewrite\opticalsource\opticalsource\opticalsource.cpp(141): fatal error C1003: error count exceeds 100; stopping compilation
